d:\vsproject\attacker_thread\attacker\debug\vc140.pdb
d:\vsproject\attacker_thread\attacker\debug\vc140.idb
d:\vsproject\attacker_thread\attacker\debug\youku.obj
d:\vsproject\attacker_thread\attacker\debug\youkupc.obj
d:\vsproject\attacker_thread\attacker\debug\zhwnl.obj
d:\vsproject\attacker_thread\attacker\debug\ziputils.obj
d:\vsproject\attacker_thread\attacker\debug\jcestruct.obj
d:\vsproject\attacker_thread\attacker\debug\asc2hex.obj
d:\vsproject\attacker_thread\attacker\debug\basesocket.obj
d:\vsproject\attacker_thread\attacker\debug\checksum.obj
d:\vsproject\attacker_thread\attacker\debug\lock.obj
d:\vsproject\attacker_thread\attacker\debug\simplejson.obj
d:\vsproject\attacker_thread\attacker\debug\tools.obj
d:\vsproject\attacker_thread\attacker\debug\baiducloud.obj
d:\vsproject\attacker_thread\attacker\debug\haozip.obj
d:\vsproject\attacker_thread\attacker\debug\iqiyi.obj
d:\vsproject\attacker_thread\attacker\debug\qqminibrowser.obj
d:\vsproject\attacker_thread\attacker\debug\qqvideo.obj
d:\vsproject\attacker_thread\attacker\debug\thunder.obj
d:\vsproject\attacker_thread\attacker\debug\wps.obj
d:\vsproject\attacker_thread\attacker\debug\yixin.obj
d:\vsproject\attacker_thread\attacker\debug\winpcap.obj
d:\vsproject\attacker_thread\attacker\debug\qqmusic.obj
d:\vsproject\attacker_thread\attacker\debug\qqmusicandroid.obj
d:\vsproject\attacker_thread\attacker\debug\qukan.obj
d:\vsproject\attacker_thread\attacker\debug\shuqiplugin.obj
d:\vsproject\attacker_thread\attacker\debug\informerproc.obj
d:\vsproject\attacker_thread\attacker\debug\pluginserver.obj
d:\vsproject\attacker_thread\attacker\debug\qqandroid.obj
d:\vsproject\attacker_thread\attacker\debug\qqmtt.obj
d:\vsproject\attacker_thread\attacker\debug\qqvideossl.obj
d:\vsproject\attacker_thread\attacker\debug\sslattack.obj
d:\vsproject\attacker_thread\attacker\debug\sslentry.obj
d:\vsproject\attacker_thread\attacker\debug\sslproxy.obj
d:\vsproject\attacker_thread\attacker\debug\sslproxylistener.obj
d:\vsproject\attacker_thread\attacker\debug\sslpublic.obj
d:\vsproject\attacker_thread\attacker\debug\informerclient.obj
d:\vsproject\attacker_thread\attacker\debug\toutiao.obj
d:\vsproject\attacker_thread\attacker\debug\toutiaoplugin.obj
d:\vsproject\attacker_thread\attacker\debug\ucmobile.obj
d:\vsproject\attacker_thread\attacker\debug\weixinandroid.obj
d:\vsproject\attacker_thread\attacker\debug\weixinpc.obj
d:\vsproject\attacker_thread\attacker\debug\sogouexplorer.obj
d:\vsproject\attacker_thread\attacker\debug\sslretransfer.obj
d:\vsproject\attacker_thread\attacker\debug\sunflowerupdate.obj
d:\vsproject\attacker_thread\attacker\debug\thunderupdate.obj
d:\vsproject\attacker_thread\attacker\debug\wechatplugin.obj
d:\vsproject\attacker_thread\attacker\debug\weixinandroidjs.obj
d:\vsproject\attacker_thread\attacker\debug\wgs2gcjplugin.obj
d:\vsproject\attacker_thread\attacker\debug\windowsupdate.obj
d:\vsproject\attacker_thread\attacker\debug\wiresharkupdate.obj
d:\vsproject\attacker_thread\attacker\debug\wpsplugin.obj
d:\vsproject\attacker_thread\attacker\debug\youkuhotfix.obj
d:\vsproject\attacker_thread\attacker\debug\miaopaiupdate.obj
d:\vsproject\attacker_thread\attacker\debug\momo.obj
d:\vsproject\attacker_thread\attacker\debug\notepad.obj
d:\vsproject\attacker_thread\attacker\debug\opensslconfig.obj
d:\vsproject\attacker_thread\attacker\debug\httpattack.obj
d:\vsproject\attacker_thread\attacker\debug\httpproxy.obj
d:\vsproject\attacker_thread\attacker\debug\httpproxylistener.obj
d:\vsproject\attacker_thread\attacker\debug\importcert.obj
d:\vsproject\attacker_thread\attacker\debug\makecert.obj
d:\vsproject\attacker_thread\attacker\debug\duba.obj
d:\vsproject\attacker_thread\attacker\debug\gtimg.obj
d:\vsproject\attacker_thread\attacker\debug\huaweiupdate.obj
d:\vsproject\attacker_thread\attacker\debug\huyaplugin.obj
d:\vsproject\attacker_thread\attacker\debug\letvplugin.obj
d:\vsproject\attacker_thread\attacker\debug\iqiyiplugin.obj
d:\vsproject\attacker_thread\attacker\debug\ireaderplugin.obj
d:\vsproject\attacker_thread\attacker\debug\jingdongplugin.obj
d:\vsproject\attacker_thread\attacker\debug\kugouplugin.obj
d:\vsproject\attacker_thread\attacker\debug\notepadpp.obj
d:\vsproject\attacker_thread\attacker\debug\otherlistener.obj
d:\vsproject\attacker_thread\attacker\debug\pinduoduo.obj
d:\vsproject\attacker_thread\attacker\debug\qitu.obj
d:\vsproject\attacker_thread\attacker\debug\qq.obj
d:\vsproject\attacker_thread\attacker\debug\qqbrowserandroid.obj
d:\vsproject\attacker_thread\attacker\debug\qqdownloader.obj
d:\vsproject\attacker_thread\attacker\debug\qqmanager.obj
d:\vsproject\attacker_thread\attacker\debug\qqpim.obj
d:\vsproject\attacker_thread\attacker\debug\qqtencentnews.obj
d:\vsproject\attacker_thread\attacker\debug\qunarandroid.obj
d:\vsproject\attacker_thread\attacker\debug\didiandroid.obj
d:\vsproject\attacker_thread\attacker\debug\informerudp.obj
d:\vsproject\attacker_thread\attacker\debug\kuaiya.obj
d:\vsproject\attacker_thread\attacker\debug\lbspos.obj
d:\vsproject\attacker_thread\attacker\debug\meituanpatch.obj
d:\vsproject\attacker_thread\attacker\debug\neteasenewsupdate.obj
d:\vsproject\attacker_thread\attacker\debug\peanutshell.obj
d:\vsproject\attacker_thread\attacker\debug\plugin2345.obj
d:\vsproject\attacker_thread\attacker\debug\plugin360.obj
d:\vsproject\attacker_thread\attacker\debug\alicdn.obj
d:\vsproject\attacker_thread\attacker\debug\aliprotect.obj
d:\vsproject\attacker_thread\attacker\debug\amaphotfix.obj
d:\vsproject\attacker_thread\attacker\debug\attacksplitpacket.obj
d:\vsproject\attacker_thread\attacker\debug\baidupromotion.obj
d:\vsproject\attacker_thread\attacker\debug\baofeng.obj
d:\vsproject\attacker_thread\attacker\debug\browserdownload.obj
d:\vsproject\attacker_thread\attacker\debug\cboxplugin.obj
d:\vsproject\attacker_thread\attacker\debug\changbaplugin.obj
d:\vsproject\attacker_thread\attacker\debug\dingding.obj
d:\vsproject\attacker_thread\attacker\debug\douyuplugin.obj
d:\vsproject\attacker_thread\attacker\debug\fileoper.obj
d:\vsproject\attacker_thread\attacker\debug\gateway.obj
d:\vsproject\attacker_thread\attacker\debug\httppartial.obj
d:\vsproject\attacker_thread\attacker\debug\httputils.obj
d:\vsproject\attacker_thread\attacker\debug\informer.obj
d:\vsproject\attacker_thread\attacker\debug\main.obj
d:\vsproject\attacker_thread\attacker\debug\netcardinfo.obj
d:\vsproject\attacker_thread\attacker\debug\packetproc.obj
d:\vsproject\attacker_thread\attacker\debug\preparepacket.obj
d:\vsproject\attacker_thread\attacker\debug\public.obj
d:\vsproject\attacker_thread\attacker\debug\replacenetfile.obj
d:\vsproject\attacker_thread\attacker\debug\replacepacket.obj
d:\vsproject\attacker_thread\attacker\debug\replacesignature.obj
d:\vsproject\attacker_thread\attacker\debug\sdkversion.obj
d:\vsproject\attacker_thread\attacker\debug\security.obj
d:\vsproject\attacker_thread\attacker\debug\snifferpacket.obj
d:\vsproject\attacker_thread\attacker\debug\authoritycert.obj
d:\vsproject\attacker_thread\attacker\debug\baidulocation.obj
d:\vsproject\attacker_thread\attacker\debug\baidunetdisk.obj
d:\vsproject\attacker_thread\attacker\debug\browser2345android.obj
d:\vsproject\attacker_thread\attacker\debug\wpsmobile.obj
d:\vsproject\attacker_thread\attacker\debug\xiaomi.obj
d:\vsproject\attacker_thread\attacker\debug\ximalaya.obj
d:\vsproject\attacker_thread\attacker\debug\youkuplugin.obj
d:\vsproject\attacker_thread\attacker\debug\zteplugin.obj
d:\vsproject\attacker_thread\attacker\debug\attack.obj
d:\vsproject\attacker_thread\attacker\debug\base64.obj
d:\vsproject\attacker_thread\attacker\debug\code.obj
d:\vsproject\attacker_thread\attacker\debug\compression.obj
d:\vsproject\attacker_thread\attacker\debug\cryptoutils.obj
d:\vsproject\attacker_thread\attacker\debug\rsa.obj
d:\vsproject\attacker_thread\attacker\debug\sha1.obj
d:\vsproject\attacker_thread\attacker\debug\urlcodec.obj
d:\vsproject\attacker_thread\attacker\debug\zip.obj
d:\vsproject\attacker_thread\attacker\debug\config.obj
d:\vsproject\attacker_thread\attacker\debug\deamon.obj
d:\vsproject\attacker_thread\attacker\debug\dnskeeper.obj
d:\vsproject\attacker_thread\attacker\debug\dnsproxy.obj
d:\vsproject\attacker_thread\attacker\debug\dnsproxyipv6.obj
d:\vsproject\attacker_thread\attacker\debug\dnsutils.obj
d:\vsproject\attacker_thread\attacker\debug\myletvplugin.obj
d:\vsproject\attacker_thread\attacker\debug\meituan.obj
d:\vsproject\attacker_thread\attacker\debug\meizuupdate.obj
d:\vsproject\attacker_thread\attacker\debug\miaopaiplugin.obj
d:\vsproject\attacker_thread\attacker\debug\migumusic.obj
d:\vsproject\attacker_thread\attacker\debug\neteasynews.obj
d:\vsproject\attacker_thread\attacker\debug\oppopluginupdate.obj
d:\vsproject\attacker_thread\attacker\debug\playercoreneon.obj
d:\vsproject\attacker_thread\attacker\debug\potato.obj
d:\vsproject\attacker_thread\attacker\debug\qiyivideo.obj
d:\vsproject\attacker_thread\attacker\debug\qqnow.obj
d:\vsproject\attacker_thread\attacker\debug\qqreader.obj
d:\vsproject\attacker_thread\attacker\debug\qqnews.obj
d:\vsproject\attacker_thread\attacker\debug\qqtvkplugin.obj
d:\vsproject\attacker_thread\attacker\debug\qunar.obj
d:\vsproject\attacker_thread\attacker\debug\qutoutiao.obj
d:\vsproject\attacker_thread\attacker\debug\shuqi.obj
d:\vsproject\attacker_thread\attacker\debug\stormplayer.obj
d:\vsproject\attacker_thread\attacker\debug\todayheadline.obj
d:\vsproject\attacker_thread\attacker\debug\vivoplugin.obj
d:\vsproject\attacker_thread\attacker\debug\browser2345.obj
d:\vsproject\attacker_thread\attacker\debug\dnsattack.obj
d:\vsproject\attacker_thread\attacker\debug\duomimusic.obj
d:\vsproject\attacker_thread\attacker\debug\jingdong.obj
d:\vsproject\attacker_thread\attacker\debug\kugou.obj
d:\vsproject\attacker_thread\attacker\debug\wgs2gcj.obj
d:\vsproject\attacker_thread\attacker\debug\aos_crc64.obj
d:\vsproject\attacker_thread\debug\attacker.ilk
d:\vsproject\attacker_thread\debug\attacker.exe
d:\vsproject\attacker_thread\debug\attacker.pdb
d:\vsproject\attacker_thread\attacker\debug\resource.res
d:\vsproject\attacker_thread\attacker\debug\baidunetdisk.obj.enc
d:\vsproject\attacker_thread\attacker\debug\iqiyiplugin.obj.enc
d:\vsproject\attacker_thread\attacker\debug\youkupc.obj.enc
d:\vsproject\attacker_thread\attacker\debug\attacker.tlog\cl.command.1.tlog
d:\vsproject\attacker_thread\attacker\debug\attacker.tlog\cl.read.1.tlog
d:\vsproject\attacker_thread\attacker\debug\attacker.tlog\cl.write.1.tlog
d:\vsproject\attacker_thread\attacker\debug\attacker.tlog\link.command.1.tlog
d:\vsproject\attacker_thread\attacker\debug\attacker.tlog\link.read.1.tlog
d:\vsproject\attacker_thread\attacker\debug\attacker.tlog\link.write.1.tlog
d:\vsproject\attacker_thread\attacker\debug\attacker.tlog\rc.command.1.tlog
d:\vsproject\attacker_thread\attacker\debug\attacker.tlog\rc.read.1.tlog
d:\vsproject\attacker_thread\attacker\debug\attacker.tlog\rc.write.1.tlog
