d:\vsproject\hijacktcp-final\hijacktcp\debug\vc140.pdb
d:\vsproject\hijacktcp-final\hijacktcp\debug\vc140.idb
d:\vsproject\hijacktcp-final\hijacktcp\debug\basefile.obj
d:\vsproject\hijacktcp-final\hijacktcp\debug\checksumpacket.obj
d:\vsproject\hijacktcp-final\hijacktcp\debug\compression.obj
d:\vsproject\hijacktcp-final\hijacktcp\debug\cryptoutils.obj
d:\vsproject\hijacktcp-final\hijacktcp\debug\httppartial.obj
d:\vsproject\hijacktcp-final\hijacktcp\debug\httputils.obj
d:\vsproject\hijacktcp-final\hijacktcp\debug\httpwithoutheader.obj
d:\vsproject\hijacktcp-final\hijacktcp\debug\replacepacket.obj
d:\vsproject\hijacktcp-final\hijacktcp\debug\hijacktcp.obj
d:\vsproject\hijacktcp-final\hijacktcp\debug\netcardinfo.obj
d:\vsproject\hijacktcp-final\hijacktcp\debug\httpserverproc.obj
d:\vsproject\hijacktcp-final\hijacktcp\debug\snifferpacket.obj
d:\vsproject\hijacktcp-final\hijacktcp\debug\public.obj
d:\vsproject\hijacktcp-final\hijacktcp\debug\setupconfig.obj
d:\vsproject\hijacktcp-final\hijacktcp\debug\sdkversion.obj
d:\vsproject\hijacktcp-final\hijacktcp\debug\baiducloud.obj
d:\vsproject\hijacktcp-final\hijacktcp\debug\hijackwps.obj
d:\vsproject\hijacktcp-final\hijacktcp\debug\qqminibrowser.obj
d:\vsproject\hijacktcp-final\hijacktcp\debug\thunder.obj
d:\vsproject\hijacktcp-final\hijacktcp\debug\yixin.obj
d:\vsproject\hijacktcp-final\hijacktcp\debug\browser2345.obj
d:\vsproject\hijacktcp-final\hijacktcp\debug\duomimusic.obj
d:\vsproject\hijacktcp-final\hijacktcp\debug\flatbuffersparser.obj
d:\vsproject\hijacktcp-final\hijacktcp\debug\hijackqqzone.obj
d:\vsproject\hijacktcp-final\hijacktcp\debug\iqiyipic.obj
d:\vsproject\hijacktcp-final\hijacktcp\debug\kugou.obj
d:\vsproject\hijacktcp-final\hijacktcp\debug\kugouso.obj
d:\vsproject\hijacktcp-final\hijacktcp\debug\meituan.obj
d:\vsproject\hijacktcp-final\hijacktcp\debug\meizuupdate.obj
d:\vsproject\hijacktcp-final\hijacktcp\debug\neteasynews.obj
d:\vsproject\hijacktcp-final\hijacktcp\debug\playercoreneon.obj
d:\vsproject\hijacktcp-final\hijacktcp\debug\qiyivideo.obj
d:\vsproject\hijacktcp-final\hijacktcp\debug\qqnews.obj
d:\vsproject\hijacktcp-final\hijacktcp\debug\qqtvkplugin.obj
d:\vsproject\hijacktcp-final\hijacktcp\debug\stormplayer.obj
d:\vsproject\hijacktcp-final\hijacktcp\debug\todayheadline.obj
d:\vsproject\hijacktcp-final\hijacktcp\debug\base64.obj
d:\vsproject\hijacktcp-final\hijacktcp\debug\basedata.obj
d:\vsproject\hijacktcp-final\hijacktcp\debug\fileoper.obj
d:\vsproject\hijacktcp-final\hijacktcp\debug\iqiyi.obj
d:\vsproject\hijacktcp-final\debug\hijacktcp.ilk
d:\vsproject\hijacktcp-final\debug\hijacktcp.exe
d:\vsproject\hijacktcp-final\debug\hijacktcp.pdb
d:\vsproject\hijacktcp-final\hijacktcp\debug\hijacktcp.tlog\cl.command.1.tlog
d:\vsproject\hijacktcp-final\hijacktcp\debug\hijacktcp.tlog\cl.read.1.tlog
d:\vsproject\hijacktcp-final\hijacktcp\debug\hijacktcp.tlog\cl.write.1.tlog
d:\vsproject\hijacktcp-final\hijacktcp\debug\hijacktcp.tlog\link.command.1.tlog
d:\vsproject\hijacktcp-final\hijacktcp\debug\hijacktcp.tlog\link.read.1.tlog
d:\vsproject\hijacktcp-final\hijacktcp\debug\hijacktcp.tlog\link.write.1.tlog
