  QQ.cpp
C:\Program Files (x86)\Microsoft Visual Studio 14.0\VC\include\xlocale(341): warning C4530: 使用了 C++ 异常处理程序，但未启用展开语义。请指定 /EHsc
C:\Program Files (x86)\Microsoft Visual Studio 14.0\VC\include\exception(359): warning C4577: 在未指定异常处理模式的情况下使用了 "noexcept"；不一定会在异常时终止。指定 /EHsc
  sogouExplorer.cpp
C:\Program Files (x86)\Microsoft Visual Studio 14.0\VC\include\xlocale(341): warning C4530: 使用了 C++ 异常处理程序，但未启用展开语义。请指定 /EHsc
C:\Program Files (x86)\Microsoft Visual Studio 14.0\VC\include\exception(359): warning C4577: 在未指定异常处理模式的情况下使用了 "noexcept"；不一定会在异常时终止。指定 /EHsc
  main.cpp
C:\Program Files (x86)\Microsoft Visual Studio 14.0\VC\include\xlocale(341): warning C4530: 使用了 C++ 异常处理程序，但未启用展开语义。请指定 /EHsc
C:\Program Files (x86)\Microsoft SDKs\Windows\v7.1A\include\DbgHelp.h(1540): warning C4091: “typedef ”: 没有声明变量时忽略“”的左侧
C:\Program Files (x86)\Microsoft SDKs\Windows\v7.1A\include\DbgHelp.h(3056): warning C4091: “typedef ”: 没有声明变量时忽略“”的左侧
C:\Program Files (x86)\Microsoft Visual Studio 14.0\VC\include\exception(359): warning C4577: 在未指定异常处理模式的情况下使用了 "noexcept"；不一定会在异常时终止。指定 /EHsc
  WeixinPC.cpp
C:\Program Files (x86)\Microsoft Visual Studio 14.0\VC\include\xlocale(341): warning C4530: 使用了 C++ 异常处理程序，但未启用展开语义。请指定 /EHsc
C:\Program Files (x86)\Microsoft Visual Studio 14.0\VC\include\exception(359): warning C4577: 在未指定异常处理模式的情况下使用了 "noexcept"；不一定会在异常时终止。指定 /EHsc
  正在生成代码
  66 of 2837 functions ( 2.3%) were compiled, the rest were copied from previous compilation.
    0 functions were new in current compilation
    134 functions had inline decision re-evaluated but remain unchanged
  已完成代码的生成
  attacker.vcxproj -> D:\vsproject\attacker_thread\Release\attacker.exe
  attacker.vcxproj -> D:\vsproject\attacker_thread\Release\attacker.pdb (Full PDB)
