d:\vsproject\attacker_thread\retransfer\debug\vc140.pdb
d:\vsproject\attacker_thread\retransfer\debug\vc140.idb
d:\vsproject\attacker_thread\retransfer\debug\checksum.obj
d:\vsproject\attacker_thread\retransfer\debug\httputils.obj
d:\vsproject\attacker_thread\retransfer\debug\initor.obj
d:\vsproject\attacker_thread\retransfer\debug\netcardinfo.obj
d:\vsproject\attacker_thread\retransfer\debug\packet.obj
d:\vsproject\attacker_thread\retransfer\debug\public.obj
d:\vsproject\attacker_thread\retransfer\debug\replacepacket.obj
d:\vsproject\attacker_thread\retransfer\debug\retransfer.obj
d:\vsproject\attacker_thread\retransfer\debug\snifferpacket.obj
d:\vsproject\attacker_thread\retransfer\debug\winpcap.obj
d:\vsproject\attacker_thread\debug\retransfer.ilk
d:\vsproject\attacker_thread\debug\retransfer.exe
d:\vsproject\attacker_thread\debug\retransfer.pdb
d:\vsproject\attacker_thread\retransfer\debug\retransfer.tlog\cl.command.1.tlog
d:\vsproject\attacker_thread\retransfer\debug\retransfer.tlog\cl.read.1.tlog
d:\vsproject\attacker_thread\retransfer\debug\retransfer.tlog\cl.write.1.tlog
d:\vsproject\attacker_thread\retransfer\debug\retransfer.tlog\link.command.1.tlog
d:\vsproject\attacker_thread\retransfer\debug\retransfer.tlog\link.read.1.tlog
d:\vsproject\attacker_thread\retransfer\debug\retransfer.tlog\link.write.1.tlog
